<?xml version="1.0" encoding="UTF-8"?>
<!-- Generated by org.testng.reporters.JUnitReportReporter -->
<testsuite hostname="INBOOK_X1_SLIM" failures="0" tests="1" name="runner.Runner" time="16.832" errors="0" timestamp="2023-08-19T09:52:47 IST" skipped="0">
  <testcase classname="runner.Runner" name="runScenario" time="16.832"/>
  <system-out/>
</testsuite> <!-- runner.Runner -->
