<?xml version="1.0" encoding="UTF-8"?>
<!-- Generated by org.testng.reporters.JUnitReportReporter -->
<testsuite hostname="INBOOK_X1_SLIM" failures="0" tests="1" name="projectCom.ScriptTest" time="4.151" errors="0" timestamp="2023-07-17T12:54:06 IST" skipped="0">
  <testcase classname="projectCom.ScriptTest" name="searchMobilePhoneInAmazon" time="4.151"/>
  <system-out/>
</testsuite> <!-- projectCom.ScriptTest -->
